Problem:    fesztival
Rows:       7
Columns:    4 (4 integer, 4 binary)
Non-zeros:  19
Status:     INTEGER OPTIMAL
Objective:  fesztivalokszam = 2 (MINimum)

   No.   Row name        Activity     Lower bound   Upper bound
------ ------------    ------------- ------------- -------------
     1 dal                         2             1               
     2 met                         1             1               
     3 elu                         1             1               
     4 liva                        1             1               
     5 ie                          2             1               
     6 vir                         1             1               
     7 fesztivalokszam
                                   2                             

   No. Column name       Activity     Lower bound   Upper bound
------ ------------    ------------- ------------- -------------
     1 rm           *              0             0             1 
     2 sz           *              1             0             1 
     3 v            *              0             0             1 
     4 mf           *              1             0             1 

Integer feasibility conditions:

KKT.PE: max.abs.err = 0.00e+00 on row 0
        max.rel.err = 0.00e+00 on row 0
        High quality

KKT.PB: max.abs.err = 0.00e+00 on row 0
        max.rel.err = 0.00e+00 on row 0
        High quality

End of output
