Problem:    masodikgyak
Rows:       6
Columns:    6
Non-zeros:  18
Status:     OPTIMAL
Objective:  Koltseg = 22000 (MINimum)

   No.   Row name   St   Activity     Lower bound   Upper bound    Marginal
------ ------------ -- ------------- ------------- ------------- -------------
     1 Komarom      NU           100                         100           -40 
     2 Veszprem     B            150                         200 
     3 Sarvar       B            150                         150 
     4 Gyor         NL           250           250                          80 
     5 Szombathely  NL           150           150                          40 
     6 Koltseg      B          22000                             

   No. Column name  St   Activity     Lower bound   Upper bound    Marginal
------ ------------ -- ------------- ------------- ------------- -------------
     1 xkgy         B            100             0               
     2 xvgy         B            150             0               
     3 xsgy         NL             0             0                          70 
     4 xksz         NL             0             0                         180 
     5 xvsz         NL             0             0                          80 
     6 xssz         B            150             0               

Karush-Kuhn-Tucker optimality conditions:

KKT.PE: max.abs.err = 0.00e+00 on row 0
        max.rel.err = 0.00e+00 on row 0
        High quality

KKT.PB: max.abs.err = 0.00e+00 on row 0
        max.rel.err = 0.00e+00 on row 0
        High quality

KKT.DE: max.abs.err = 0.00e+00 on column 0
        max.rel.err = 0.00e+00 on column 0
        High quality

KKT.DB: max.abs.err = 0.00e+00 on row 0
        max.rel.err = 0.00e+00 on row 0
        High quality

End of output
