Problem:    froccs
Rows:       3
Columns:    9
Non-zeros:  27
Status:     OPTIMAL
Objective:  TeljesBevetel = 228571.4286 (MAXimum)

   No.   Row name   St   Activity     Lower bound   Upper bound    Marginal
------ ------------ -- ------------- ------------- ------------- -------------
     1 SzodaKapacitas
                    NU          1500                        1500       20.5714 
     2 BorKapacitas NU          1000                        1000       197.714 
     3 TeljesBevetel
                    B         228571                             

   No. Column name  St   Activity     Lower bound   Upper bound    Marginal
------ ------------ -- ------------- ------------- ------------- -------------
     1 xHL          NL             0             0                    -8.85714 
     2 xKF          NL             0             0                    -18.2857 
     3 xNF          NL             0             0                         -86 
     4 xHM          NL             0             0                    -134.286 
     5 xVH          NL             0             0                    -57.1429 
     6 xSF          B        357.143             0               
     7 xKRF         B        71.4286             0               
     8 xSHF         NL             0             0                    -82.8571 
     9 xPF          NL             0             0                        -348 

Karush-Kuhn-Tucker optimality conditions:

KKT.PE: max.abs.err = 0.00e+00 on row 0
        max.rel.err = 0.00e+00 on row 0
        High quality

KKT.PB: max.abs.err = 0.00e+00 on row 0
        max.rel.err = 0.00e+00 on row 0
        High quality

KKT.DE: max.abs.err = 2.27e-13 on column 7
        max.rel.err = 6.31e-17 on column 7
        High quality

KKT.DB: max.abs.err = 0.00e+00 on row 0
        max.rel.err = 0.00e+00 on row 0
        High quality

End of output
