Problem:    DJ
Rows:       6
Columns:    7 (7 integer, 7 binary)
Non-zeros:  24
Status:     INTEGER OPTIMAL
Objective:  tracklist = 5 (MAXimum)

   No.   Row name        Activity     Lower bound   Upper bound
------ ------------    ------------- ------------- -------------
     1 No3UnlikedSongs[andi]
                                   1                           2 
     2 No3UnlikedSongs[guszti]
                                   2                           2 
     3 No3UnlikedSongs[patrik]
                                   2                           2 
     4 No3UnlikedSongs[tina]
                                   2                           2 
     5 No3UnlikedSongs[mate]
                                   2                           2 
     6 tracklist                   5                             

   No. Column name       Activity     Lower bound   Upper bound
------ ------------    ------------- ------------- -------------
     1 play[its]    *              1             0             1 
     2 play[whisky] *              0             0             1 
     3 play[love]   *              0             0             1 
     4 play[hell]   *              1             0             1 
     5 play[shipping]
                    *              1             0             1 
     6 play[summer] *              1             0             1 
     7 play[freedom]
                    *              1             0             1 

Integer feasibility conditions:

KKT.PE: max.abs.err = 0.00e+00 on row 0
        max.rel.err = 0.00e+00 on row 0
        High quality

KKT.PB: max.abs.err = 0.00e+00 on row 0
        max.rel.err = 0.00e+00 on row 0
        High quality

End of output
